
Start-Date: 2024-03-13  03:51:55
Commandline: apt-get install -y --no-install-recommends gnupg less
Install: readline-common:arm64 (8.2-1.3, automatic), gpg:arm64 (2.2.40-1.1, automatic), libsasl2-2:arm64 (2.1.28+dfsg-10, automatic), gnupg:arm64 (2.2.40-1.1), libsasl2-modules-db:arm64 (2.1.28+dfsg-10, automatic), gpg-wks-server:arm64 (2.2.40-1.1, automatic), less:arm64 (590-2), libldap-2.5-0:arm64 (2.5.13+dfsg-5, automatic), gpg-agent:arm64 (2.2.40-1.1, automatic), libreadline8:arm64 (8.2-1.3, automatic), libassuan0:arm64 (2.5.5-5, automatic), libnpth0:arm64 (1.6-3, automatic), libsqlite3-0:arm64 (3.40.1-2, automatic), pinentry-curses:arm64 (1.2.1-1, automatic), gpgsm:arm64 (2.2.40-1.1, automatic), dirmngr:arm64 (2.2.40-1.1, automatic), libksba8:arm64 (1.6.3-2, automatic), gnupg-utils:arm64 (2.2.40-1.1, automatic), gnupg-l10n:arm64 (2.2.40-1.1, automatic), gpg-wks-client:arm64 (2.2.40-1.1, automatic), libncursesw6:arm64 (6.4-4, automatic), gpgconf:arm64 (2.2.40-1.1, automatic)
End-Date: 2024-03-13  03:51:57

Start-Date: 2024-03-13  03:51:59
Commandline: apt-get install -y --no-install-recommends ca-certificates wget
Install: wget:arm64 (1.21.3-1+b1), libssl3:arm64 (3.0.11-1~deb12u2, automatic), ca-certificates:arm64 (20230311), libpsl5:arm64 (0.21.2-1, automatic), openssl:arm64 (3.0.11-1~deb12u2, automatic)
End-Date: 2024-03-13  03:52:01

Start-Date: 2024-03-13  03:52:04
Commandline: apt-get purge -y --auto-remove -o APT::AutoRemove::RecommendsImportant=false
Purge: wget:arm64 (1.21.3-1+b1), libssl3:arm64 (3.0.11-1~deb12u2), ca-certificates:arm64 (20230311), libpsl5:arm64 (0.21.2-1), openssl:arm64 (3.0.11-1~deb12u2)
End-Date: 2024-03-13  03:52:04

Start-Date: 2024-03-13  03:52:07
Commandline: apt-get install -y --no-install-recommends locales
Install: locales:arm64 (2.36-9+deb12u4), libc-l10n:arm64 (2.36-9+deb12u4, automatic)
End-Date: 2024-03-13  03:52:08

Start-Date: 2024-03-13  03:52:12
Commandline: apt-get install -y --no-install-recommends libnss-wrapper xz-utils zstd
Install: zstd:arm64 (1.5.4+dfsg2-5), libnss-wrapper:arm64 (1.1.12-1), xz-utils:arm64 (5.4.1-0.2)
End-Date: 2024-03-13  03:52:12

Start-Date: 2024-03-13  03:52:18
Commandline: apt-get install -y --no-install-recommends postgresql-common
Install: libperl5.36:arm64 (5.36.0-7+deb12u1, automatic), libgdbm-compat4:arm64 (1.23-3, automatic), netbase:arm64 (6.4, automatic), ssl-cert:arm64 (1.1.2, automatic), perl:arm64 (5.36.0-7+deb12u1, automatic), ucf:arm64 (3.0043+nmu1, automatic), libjson-perl:arm64 (4.10000-1, automatic), sensible-utils:arm64 (0.0.17+nmu1, automatic), libssl3:arm64 (3.0.11-1~deb12u2, automatic), postgresql-common:arm64 (257.pgdg120+1), postgresql-client-common:arm64 (257.pgdg120+1, automatic), perl-modules-5.36:arm64 (5.36.0-7+deb12u1, automatic), libgdbm6:arm64 (1.23-3, automatic), openssl:arm64 (3.0.11-1~deb12u2, automatic)
End-Date: 2024-03-13  03:52:20

Start-Date: 2024-03-13  03:52:26
Commandline: apt-get install -y --no-install-recommends postgresql-16=16.2-1.pgdg120+2
Install: libkeyutils1:arm64 (1.6.3-2, automatic), libgssapi-krb5-2:arm64 (1.20.1-2+deb12u1, automatic), postgresql-16:arm64 (16.2-1.pgdg120+2), libllvm16:arm64 (1:16.0.6-15~deb12u1, automatic), libkrb5support0:arm64 (1.20.1-2+deb12u1, automatic), libxml2:arm64 (2.9.14+dfsg-1.3~deb12u1, automatic), libbsd0:arm64 (0.11.7-2, automatic), libz3-4:arm64 (4.8.12-3.1, automatic), postgresql-client-16:arm64 (16.2-1.pgdg120+2, automatic), libkrb5-3:arm64 (1.20.1-2+deb12u1, automatic), libk5crypto3:arm64 (1.20.1-2+deb12u1, automatic), libxslt1.1:arm64 (1.1.35-1, automatic), libpq5:arm64 (16.2-1.pgdg120+2, automatic), libedit2:arm64 (3.1-20221030-2, automatic), libicu72:arm64 (72.1-3, automatic)
End-Date: 2024-03-13  03:52:30
